Unity Editor version:    2022.3.17f1 (4fc78088f837)
Branch:                  2022.3/staging
Build type:              Release
Batch mode:              YES
macOS version:           Version 14.1.2 (Build 23B92)
Darwin version:          23.1.0
Architecture:            arm64
Running under Rosetta:   NO
Available memory:        16384 MB
Using pre-set license
Pro License: YES

COMMAND LINE ARGUMENTS:
/Applications/Unity/Hub/Editor/2022.3.17f1/Unity.app/Contents/MacOS/Unity
-adb2
-batchMode
-noUpm
-name
AssetImportWorker0
-projectPath
/Users/seongah/Downloads/tennis tutorial
-logFile
Logs/AssetImportWorker0.log
-srvPort
56188
Successfully changed project path to: /Users/seongah/Downloads/tennis tutorial
/Users/seongah/Downloads/tennis tutorial
[UnityMemory] Configuration Parameters - Can be set up in boot.config
    "memorysetup-bucket-allocator-granularity=16"
    "memorysetup-bucket-allocator-bucket-count=8"
    "memorysetup-bucket-allocator-block-size=33554432"
    "memorysetup-bucket-allocator-block-count=8"
    "memorysetup-main-allocator-block-size=16777216"
    "memorysetup-thread-allocator-block-size=16777216"
    "memorysetup-gfx-main-allocator-block-size=16777216"
    "memorysetup-gfx-thread-allocator-block-size=16777216"
    "memorysetup-cache-allocator-block-size=4194304"
    "memorysetup-typetree-allocator-block-size=2097152"
    "memorysetup-profiler-bucket-allocator-granularity=16"
    "memorysetup-profiler-bucket-allocator-bucket-count=8"
    "memorysetup-profiler-bucket-allocator-block-size=33554432"
    "memorysetup-profiler-bucket-allocator-block-count=8"
    "memorysetup-profiler-allocator-block-size=16777216"
    "memorysetup-profiler-editor-allocator-block-size=1048576"
    "memorysetup-temp-allocator-size-main=16777216"
    "memorysetup-job-temp-allocator-block-size=2097152"
    "memorysetup-job-temp-allocator-block-size-background=1048576"
    "memorysetup-job-temp-allocator-reduction-small-platforms=262144"
    "memorysetup-allocator-temp-initial-block-size-main=262144"
    "memorysetup-allocator-temp-initial-block-size-worker=262144"
    "memorysetup-temp-allocator-size-background-worker=32768"
    "memorysetup-temp-allocator-size-job-worker=262144"
    "memorysetup-temp-allocator-size-preload-manager=33554432"
    "memorysetup-temp-allocator-size-nav-mesh-worker=65536"
    "memorysetup-temp-allocator-size-audio-worker=65536"
    "memorysetup-temp-allocator-size-cloud-worker=32768"
    "memorysetup-temp-allocator-size-gi-baking-worker=262144"
    "memorysetup-temp-allocator-size-gfx=262144"
Player connection [7985225408] Host "[IP] 143.248.225.174 [Port] 0 [Flags] 2 [Guid] 3222703788 [EditorId] 3222703788 [Version] 1048832 [Id] OSXEditor(0,SeongAh-Kim-MacBook-Pro.local) [Debug] 1 [PackageName] OSXEditor [ProjectName] Editor" joined multi-casting on [225.0.0.222:54997]...

Player connection [7985225408] Host "[IP] 143.248.225.174 [Port] 0 [Flags] 2 [Guid] 3222703788 [EditorId] 3222703788 [Version] 1048832 [Id] OSXEditor(0,SeongAh-Kim-MacBook-Pro.local) [Debug] 1 [PackageName] OSXEditor [ProjectName] Editor" joined alternative multi-casting on [225.0.0.222:34997]...

[Physics::Module] Initialized MultithreadedJobDispatcher with 11 workers.
Refreshing native plugins compatible for Editor in 6.00 ms, found 2 plugins.
Preloading 0 native plugins for Editor in 0.00 ms.
Initialize engine version: 2022.3.17f1 (4fc78088f837)
[Subsystems] Discovering subsystems at path /Applications/Unity/Hub/Editor/2022.3.17f1/Unity.app/Contents/Resources/UnitySubsystems
[Subsystems] Discovering subsystems at path /Users/seongah/Downloads/tennis tutorial/Assets
GfxDevice: creating device client; threaded=0; jobified=0
 preferred device: Apple M2 Pro (high power)
Metal devices available: 1
0: Apple M2 Pro (high power)
Using device Apple M2 Pro (high power)
Initializing Metal device caps: Apple M2 Pro
Initialize mono
Mono path[0] = '/Applications/Unity/Hub/Editor/2022.3.17f1/Unity.app/Contents/Managed'
Mono path[1] = '/Applications/Unity/Hub/Editor/2022.3.17f1/Unity.app/Contents/MonoBleedingEdge/lib/mono/unityjit-macos'
Mono config path = '/Applications/Unity/Hub/Editor/2022.3.17f1/Unity.app/Contents/MonoBleedingEdge/etc'
Using monoOptions --debugger-agent=transport=dt_socket,embedding=1,server=y,suspend=n,address=127.0.0.1:56184
Begin MonoManager ReloadAssembly
Registering precompiled unity dll's ...
Register platform support module: /Applications/Unity/Hub/Editor/2022.3.17f1/PlaybackEngines/WebGLSupport/UnityEditor.WebGL.Extensions.dll
Register platform support module: /Applications/Unity/Hub/Editor/2022.3.17f1/Unity.app/Contents/PlaybackEngines/MacStandaloneSupport/UnityEditor.OSXStandalone.Extensions.dll
Registered in 0.002316 seconds.
- Loaded All Assemblies, in  0.261 seconds
Native extension for OSXStandalone target not found
Native extension for WebGL target not found
Mono: successfully reloaded assembly
- Finished resetting the current domain, in  0.152 seconds
Domain Reload Profiling: 413ms
	BeginReloadAssembly (91ms)
		ExecutionOrderSort (0ms)
		DisableScriptedObjects (0ms)
		BackupInstance (0ms)
		ReleaseScriptingObjects (0ms)
		CreateAndSetChildDomain (0ms)
	RebuildCommonClasses (24ms)
	RebuildNativeTypeToScriptingClass (8ms)
	initialDomainReloadingComplete (33ms)
	LoadAllAssembliesAndSetupDomain (105ms)
		LoadAssemblies (98ms)
		RebuildTransferFunctionScriptingTraits (0ms)
		AnalyzeDomain (97ms)
			TypeCache.Refresh (96ms)
				TypeCache.ScanAssembly (84ms)
			ScanForSourceGeneratedMonoScriptInfo (0ms)
			ResolveRequiredComponents (0ms)
	FinalizeReload (152ms)
		ReleaseScriptCaches (0ms)
		RebuildScriptCaches (0ms)
		SetupLoadedEditorAssemblies (116ms)
			LogAssemblyErrors (0ms)
			InitializePlatformSupportModulesInManaged (4ms)
			SetLoadedEditorAssemblies (4ms)
			RefreshPlugins (0ms)
			BeforeProcessingInitializeOnLoad (1ms)
			ProcessInitializeOnLoadAttributes (83ms)
			ProcessInitializeOnLoadMethodAttributes (25ms)
			AfterProcessingInitializeOnLoad (0ms)
			EditorAssembliesLoaded (0ms)
		ExecutionOrderSort2 (0ms)
		AwakeInstancesAfterBackupRestoration (0ms)
========================================================================
Worker process is ready to serve import requests
Begin MonoManager ReloadAssembly
Symbol file LoadedFromMemory is not a mono symbol file
- Loaded All Assemblies, in  0.438 seconds
Refreshing native plugins compatible for Editor in 1.58 ms, found 2 plugins.
Native extension for OSXStandalone target not found
Native extension for WebGL target not found
Package Manager log level set to [2]
[Package Manager] Server::EnsureServerProcessIsRunning -- launch failed, reason: Unity was launched with the -noUpm command-line argument
[Package Manager] UpmClient::Send -- Unable to send message (not connected to UPM process).
[Package Manager] Cannot connect to Unity Package Manager local server
Mono: successfully reloaded assembly
- Finished resetting the current domain, in  0.385 seconds
Domain Reload Profiling: 823ms
	BeginReloadAssembly (78ms)
		ExecutionOrderSort (0ms)
		DisableScriptedObjects (3ms)
		BackupInstance (0ms)
		ReleaseScriptingObjects (0ms)
		CreateAndSetChildDomain (16ms)
	RebuildCommonClasses (24ms)
	RebuildNativeTypeToScriptingClass (8ms)
	initialDomainReloadingComplete (21ms)
	LoadAllAssembliesAndSetupDomain (307ms)
		LoadAssemblies (234ms)
		RebuildTransferFunctionScriptingTraits (0ms)
		AnalyzeDomain (113ms)
			TypeCache.Refresh (102ms)
				TypeCache.ScanAssembly (88ms)
			ScanForSourceGeneratedMonoScriptInfo (8ms)
			ResolveRequiredComponents (2ms)
	FinalizeReload (385ms)
		ReleaseScriptCaches (0ms)
		RebuildScriptCaches (0ms)
		SetupLoadedEditorAssemblies (299ms)
			LogAssemblyErrors (0ms)
			InitializePlatformSupportModulesInManaged (2ms)
			SetLoadedEditorAssemblies (2ms)
			RefreshPlugins (0ms)
			BeforeProcessingInitializeOnLoad (28ms)
			ProcessInitializeOnLoadAttributes (170ms)
			ProcessInitializeOnLoadMethodAttributes (95ms)
			AfterProcessingInitializeOnLoad (1ms)
			EditorAssembliesLoaded (0ms)
		ExecutionOrderSort2 (0ms)
		AwakeInstancesAfterBackupRestoration (3ms)
Launching external process: /Applications/Unity/Hub/Editor/2022.3.17f1/Unity.app/Contents/Tools/UnityShaderCompiler
Launched and connected shader compiler UnityShaderCompiler after 0.04 seconds
Refreshing native plugins compatible for Editor in 2.01 ms, found 2 plugins.
Preloading 0 native plugins for Editor in 0.00 ms.
Unloading 2527 Unused Serialized files (Serialized files now loaded: 0)
Unloading 61 unused Assets / (62.8 KB). Loaded Objects now: 2971.
Memory consumption went from 116.7 MB to 116.7 MB.
Total: 6.615583 ms (FindLiveObjects: 0.111833 ms CreateObjectMapping: 0.041000 ms MarkObjects: 6.351375 ms  DeleteObjects: 0.109291 ms)

AssetImportParameters requested are different than current active one (requested -> active):
  custom:video-decoder-webm-vp8: 9c59270c3fd7afecdb556c50c9e8de78 -> 
  custom:SearchIndexIgnoredProperties: e643bd26f0fe6173181afceb89e7c659 -> 
  custom:container-demuxer-ogg: 62fdf1f143b41e24485cea50d1cbac27 -> 
  custom:AudioImporter_EditorPlatform: 3918e3fc78b5a79bad01e8451be0beb8 -> 
  custom:video-decoder-ogg-theora: a1e56fd34408186e4bbccfd4996cb3dc -> 
  custom:framework-osx-AVFoundation: e770b220cccbd017edd2c1fefb359320 -> 
  custom:video-encoder-webm-vp8: eb34c28f22e8b96e1ab97ce403110664 -> 
  custom:audio-decoder-ogg-vorbis: bf7c407c2cedff20999df2af8eb42d56 -> 
  custom:CustomObjectIndexerAttribute: 6d391050e5a25f67b0a2c618074f2cd9 -> 
  custom:container-demuxer-webm: 4f35f7cbe854078d1ac9338744f61a02 -> 
  custom:audio-encoder-webm-vorbis: bf7c407c2cedff20999df2af8eb42d56 -> 
  custom:container-muxer-webm: aa71ff27fc2769a1b78a27578f13a17b -> 
========================================================================
Received Import Request.
  Time since last request: 1256164.268190 seconds.
  path: Assets/New Terrain.asset
  artifactKey: Guid(9894d0c7332dac042b1d483d2372c0e2) Importer(815301076,1909f56bfc062723c751e8b465ee728b)
Start importing Assets/New Terrain.asset using Guid(9894d0c7332dac042b1d483d2372c0e2) Importer(815301076,1909f56bfc062723c751e8b465ee728b) Tree prefab at index 0 is missing.
Tree prefab at index 1 is missing.
 -> (artifact id: '38422f290e67b95a1464ea36b8f2be83') in 0.060182 seconds
Number of updated asset objects reloaded before import = 0
Number of asset objects unloaded after import = 4
========================================================================
Received Import Request.
  Time since last request: 0.000028 seconds.
  path: Assets/NewLayer 1.terrainlayer
  artifactKey: Guid(b04bd9aa914e95841980557ec65be039) Importer(815301076,1909f56bfc062723c751e8b465ee728b)
Start importing Assets/NewLayer 1.terrainlayer using Guid(b04bd9aa914e95841980557ec65be039) Importer(815301076,1909f56bfc062723c751e8b465ee728b)  -> (artifact id: 'd0f2e2ea906c6b0d38104db8b3ff5b42') in 0.027670 seconds
Number of updated asset objects reloaded before import = 0
Number of asset objects unloaded after import = 2
========================================================================
Received Import Request.
  Time since last request: 0.000038 seconds.
  path: Assets/NewLayer.terrainlayer
  artifactKey: Guid(98511ffcf27d7ec4b8f26a39166068be) Importer(815301076,1909f56bfc062723c751e8b465ee728b)
Start importing Assets/NewLayer.terrainlayer using Guid(98511ffcf27d7ec4b8f26a39166068be) Importer(815301076,1909f56bfc062723c751e8b465ee728b)  -> (artifact id: '6455a68c7f18233e00f10c720e5788c6') in 0.004554 seconds
Number of updated asset objects reloaded before import = 0
Number of asset objects unloaded after import = 2
========================================================================
Received Import Request.
  Time since last request: 0.000177 seconds.
  path: Assets/bounce 1.physicMaterial
  artifactKey: Guid(de04ddac5bca0804e8dfd1ba234e7465) Importer(815301076,1909f56bfc062723c751e8b465ee728b)
Start importing Assets/bounce 1.physicMaterial using Guid(de04ddac5bca0804e8dfd1ba234e7465) Importer(815301076,1909f56bfc062723c751e8b465ee728b)  -> (artifact id: '6e3a7bdc6e31856a452d62bfa2b5a8eb') in 0.000665 seconds
Number of updated asset objects reloaded before import = 0
Number of asset objects unloaded after import = 1
========================================================================
Received Import Request.
  Time since last request: 0.000298 seconds.
  path: Assets/bounce.physicMaterial
  artifactKey: Guid(a070eb3178c2f5a4d9edff100a930c9f) Importer(815301076,1909f56bfc062723c751e8b465ee728b)
Start importing Assets/bounce.physicMaterial using Guid(a070eb3178c2f5a4d9edff100a930c9f) Importer(815301076,1909f56bfc062723c751e8b465ee728b)  -> (artifact id: '9ec41958f4a82442c5278cfaeee0c209') in 0.000660 seconds
Number of updated asset objects reloaded before import = 0
Number of asset objects unloaded after import = 1
========================================================================
Received Import Request.
  Time since last request: 0.000218 seconds.
  path: Assets/black mat.mat
  artifactKey: Guid(422c8fc0b3260d840934e9d0f4c8a928) Importer(815301076,1909f56bfc062723c751e8b465ee728b)
Start importing Assets/black mat.mat using Guid(422c8fc0b3260d840934e9d0f4c8a928) Importer(815301076,1909f56bfc062723c751e8b465ee728b)  -> (artifact id: '85443c0883cdb8350af9bf76ae586780') in 0.329268 seconds
Number of updated asset objects reloaded before import = 0
Number of asset objects unloaded after import = 1
========================================================================
Received Prepare
Begin MonoManager ReloadAssembly
Thread 0x17ee87000 may have been prematurely finalized
Symbol file LoadedFromMemory is not a mono symbol file
- Loaded All Assemblies, in  0.433 seconds
Refreshing native plugins compatible for Editor in 1.53 ms, found 2 plugins.
Native extension for OSXStandalone target not found
Native extension for WebGL target not found
[Package Manager] Server::EnsureServerProcessIsRunning -- launch failed, reason: Unity was launched with the -noUpm command-line argument
[Package Manager] UpmClient::Send -- Unable to send message (not connected to UPM process).
[Package Manager] Cannot connect to Unity Package Manager local server
Mono: successfully reloaded assembly
- Finished resetting the current domain, in  0.554 seconds
Domain Reload Profiling: 987ms
	BeginReloadAssembly (260ms)
		ExecutionOrderSort (0ms)
		DisableScriptedObjects (4ms)
		BackupInstance (0ms)
		ReleaseScriptingObjects (0ms)
		CreateAndSetChildDomain (38ms)
	RebuildCommonClasses (20ms)
	RebuildNativeTypeToScriptingClass (7ms)
	initialDomainReloadingComplete (17ms)
	LoadAllAssembliesAndSetupDomain (128ms)
		LoadAssemblies (153ms)
		RebuildTransferFunctionScriptingTraits (0ms)
		AnalyzeDomain (9ms)
			TypeCache.Refresh (6ms)
				TypeCache.ScanAssembly (0ms)
			ScanForSourceGeneratedMonoScriptInfo (0ms)
			ResolveRequiredComponents (2ms)
	FinalizeReload (554ms)
		ReleaseScriptCaches (0ms)
		RebuildScriptCaches (0ms)
		SetupLoadedEditorAssemblies (273ms)
			LogAssemblyErrors (0ms)
			InitializePlatformSupportModulesInManaged (3ms)
			SetLoadedEditorAssemblies (3ms)
			RefreshPlugins (0ms)
			BeforeProcessingInitializeOnLoad (30ms)
			ProcessInitializeOnLoadAttributes (149ms)
			ProcessInitializeOnLoadMethodAttributes (88ms)
			AfterProcessingInitializeOnLoad (1ms)
			EditorAssembliesLoaded (0ms)
		ExecutionOrderSort2 (0ms)
		AwakeInstancesAfterBackupRestoration (3ms)
Refreshing native plugins compatible for Editor in 1.78 ms, found 2 plugins.
Preloading 0 native plugins for Editor in 0.00 ms.
Unloading 2520 Unused Serialized files (Serialized files now loaded: 0)
Unloading 54 unused Assets / (409.3 KB). Loaded Objects now: 3020.
Memory consumption went from 127.4 MB to 127.0 MB.
Total: 5.371458 ms (FindLiveObjects: 0.105000 ms CreateObjectMapping: 0.037334 ms MarkObjects: 5.037916 ms  DeleteObjects: 0.190959 ms)

Prepare: number of updated asset objects reloaded= 0
AssetImportParameters requested are different than current active one (requested -> active):
  custom:video-decoder-webm-vp8: 9c59270c3fd7afecdb556c50c9e8de78 -> 
  custom:SearchIndexIgnoredProperties: e643bd26f0fe6173181afceb89e7c659 -> 
  custom:container-demuxer-ogg: 62fdf1f143b41e24485cea50d1cbac27 -> 
  custom:AudioImporter_EditorPlatform: 3918e3fc78b5a79bad01e8451be0beb8 -> 
  custom:video-decoder-ogg-theora: a1e56fd34408186e4bbccfd4996cb3dc -> 
  custom:framework-osx-AVFoundation: e770b220cccbd017edd2c1fefb359320 -> 
  custom:video-encoder-webm-vp8: eb34c28f22e8b96e1ab97ce403110664 -> 
  custom:audio-decoder-ogg-vorbis: bf7c407c2cedff20999df2af8eb42d56 -> 
  custom:CustomObjectIndexerAttribute: 6d391050e5a25f67b0a2c618074f2cd9 -> 
  custom:container-demuxer-webm: 4f35f7cbe854078d1ac9338744f61a02 -> 
  custom:audio-encoder-webm-vorbis: bf7c407c2cedff20999df2af8eb42d56 -> 
  custom:container-muxer-webm: aa71ff27fc2769a1b78a27578f13a17b -> 
========================================================================
Received Import Request.
  Time since last request: 112.271244 seconds.
  path: Assets/badminton-court-illustration-wallpaper-260nw-2185406067-2.jpg
  artifactKey: Guid(e91ce14cbbe0547daa6410a9ed97d9e5) Importer(815301076,1909f56bfc062723c751e8b465ee728b)
Start importing Assets/badminton-court-illustration-wallpaper-260nw-2185406067-2.jpg using Guid(e91ce14cbbe0547daa6410a9ed97d9e5) Importer(815301076,1909f56bfc062723c751e8b465ee728b)  -> (artifact id: '80cb34e2a4c199da460aa9d271ce82b0') in 0.056197 seconds
Number of updated asset objects reloaded before import = 0
Number of asset objects unloaded after import = 2
========================================================================
Received Import Request.
  Time since last request: 5494.196191 seconds.
  path: Assets/badminton.png
  artifactKey: Guid(40011523ad2ca45e286b7ef8e2e809f7) Importer(815301076,1909f56bfc062723c751e8b465ee728b)
Start importing Assets/badminton.png using Guid(40011523ad2ca45e286b7ef8e2e809f7) Importer(815301076,1909f56bfc062723c751e8b465ee728b)  -> (artifact id: '476b2af1512aa8494c379adb957877f4') in 0.042978 seconds
Number of updated asset objects reloaded before import = 0
Number of asset objects unloaded after import = 2
========================================================================
Received Prepare
Begin MonoManager ReloadAssembly
Thread 0x17c387000 may have been prematurely finalized
Symbol file LoadedFromMemory is not a mono symbol file
- Loaded All Assemblies, in  0.570 seconds
Refreshing native plugins compatible for Editor in 2.14 ms, found 2 plugins.
Native extension for OSXStandalone target not found
Native extension for WebGL target not found
[Package Manager] Server::EnsureServerProcessIsRunning -- launch failed, reason: Unity was launched with the -noUpm command-line argument
[Package Manager] UpmClient::Send -- Unable to send message (not connected to UPM process).
[Package Manager] Cannot connect to Unity Package Manager local server
Mono: successfully reloaded assembly
- Finished resetting the current domain, in  0.694 seconds
Domain Reload Profiling: 1265ms
	BeginReloadAssembly (313ms)
		ExecutionOrderSort (0ms)
		DisableScriptedObjects (5ms)
		BackupInstance (0ms)
		ReleaseScriptingObjects (0ms)
		CreateAndSetChildDomain (47ms)
	RebuildCommonClasses (30ms)
	RebuildNativeTypeToScriptingClass (10ms)
	initialDomainReloadingComplete (17ms)
	LoadAllAssembliesAndSetupDomain (199ms)
		LoadAssemblies (236ms)
		RebuildTransferFunctionScriptingTraits (0ms)
		AnalyzeDomain (11ms)
			TypeCache.Refresh (6ms)
				TypeCache.ScanAssembly (0ms)
			ScanForSourceGeneratedMonoScriptInfo (0ms)
			ResolveRequiredComponents (3ms)
	FinalizeReload (695ms)
		ReleaseScriptCaches (0ms)
		RebuildScriptCaches (0ms)
		SetupLoadedEditorAssemblies (351ms)
			LogAssemblyErrors (0ms)
			InitializePlatformSupportModulesInManaged (3ms)
			SetLoadedEditorAssemblies (4ms)
			RefreshPlugins (0ms)
			BeforeProcessingInitializeOnLoad (36ms)
			ProcessInitializeOnLoadAttributes (197ms)
			ProcessInitializeOnLoadMethodAttributes (110ms)
			AfterProcessingInitializeOnLoad (1ms)
			EditorAssembliesLoaded (0ms)
		ExecutionOrderSort2 (0ms)
		AwakeInstancesAfterBackupRestoration (3ms)
Refreshing native plugins compatible for Editor in 3.04 ms, found 2 plugins.
Preloading 0 native plugins for Editor in 0.00 ms.
Unloading 2520 Unused Serialized files (Serialized files now loaded: 0)
Unloading 52 unused Assets / (43.0 KB). Loaded Objects now: 3024.
Memory consumption went from 134.2 MB to 134.1 MB.
Total: 7.364958 ms (FindLiveObjects: 0.132792 ms CreateObjectMapping: 0.047875 ms MarkObjects: 7.094875 ms  DeleteObjects: 0.085666 ms)

Prepare: number of updated asset objects reloaded= 0
AssetImportParameters requested are different than current active one (requested -> active):
  custom:video-decoder-webm-vp8: 9c59270c3fd7afecdb556c50c9e8de78 -> 
  custom:SearchIndexIgnoredProperties: e643bd26f0fe6173181afceb89e7c659 -> 
  custom:container-demuxer-ogg: 62fdf1f143b41e24485cea50d1cbac27 -> 
  custom:AudioImporter_EditorPlatform: 3918e3fc78b5a79bad01e8451be0beb8 -> 
  custom:video-decoder-ogg-theora: a1e56fd34408186e4bbccfd4996cb3dc -> 
  custom:framework-osx-AVFoundation: e770b220cccbd017edd2c1fefb359320 -> 
  custom:video-encoder-webm-vp8: eb34c28f22e8b96e1ab97ce403110664 -> 
  custom:audio-decoder-ogg-vorbis: bf7c407c2cedff20999df2af8eb42d56 -> 
  custom:CustomObjectIndexerAttribute: 6d391050e5a25f67b0a2c618074f2cd9 -> 
  custom:container-demuxer-webm: 4f35f7cbe854078d1ac9338744f61a02 -> 
  custom:audio-encoder-webm-vorbis: bf7c407c2cedff20999df2af8eb42d56 -> 
  custom:container-muxer-webm: aa71ff27fc2769a1b78a27578f13a17b -> 
========================================================================
Received Import Request.
  Time since last request: 323.502234 seconds.
  path: Assets/badminton.png
  artifactKey: Guid(40011523ad2ca45e286b7ef8e2e809f7) Importer(815301076,1909f56bfc062723c751e8b465ee728b)
Start importing Assets/badminton.png using Guid(40011523ad2ca45e286b7ef8e2e809f7) Importer(815301076,1909f56bfc062723c751e8b465ee728b)  -> (artifact id: 'b683fcb00852ed0e40f1f5e78f724f67') in 0.084658 seconds
Number of updated asset objects reloaded before import = 0
Number of asset objects unloaded after import = 2
========================================================================
Received Import Request.
  Time since last request: 961.230388 seconds.
  path: Assets
  artifactKey: Guid(00000000000000001000000000000000) Importer(815301076,1909f56bfc062723c751e8b465ee728b)
Start importing Assets using Guid(00000000000000001000000000000000) Importer(815301076,1909f56bfc062723c751e8b465ee728b)  -> (artifact id: '8a4fe85251aa2e89732c359432baa2c3') in 0.004732 seconds
Number of updated asset objects reloaded before import = 0
Number of asset objects unloaded after import = 0
========================================================================
Received Import Request.
  Time since last request: 28.101855 seconds.
  path: Assets/New Material.mat
  artifactKey: Guid(5c0eed084da824a4e8e72d1bf4841a10) Importer(815301076,1909f56bfc062723c751e8b465ee728b)
Start importing Assets/New Material.mat using Guid(5c0eed084da824a4e8e72d1bf4841a10) Importer(815301076,1909f56bfc062723c751e8b465ee728b)  -> (artifact id: '1f165a35fdecb9efd76df2a874ffbbae') in 0.074849 seconds
Number of updated asset objects reloaded before import = 0
Number of asset objects unloaded after import = 1
========================================================================
Received Import Request.
  Time since last request: 259.688177 seconds.
  path: Assets/Grids & Nets textures pack
  artifactKey: Guid(364dc2f5bcdef47ba8a9a2576e825fc4) Importer(815301076,1909f56bfc062723c751e8b465ee728b)
Start importing Assets/Grids & Nets textures pack using Guid(364dc2f5bcdef47ba8a9a2576e825fc4) Importer(815301076,1909f56bfc062723c751e8b465ee728b)  -> (artifact id: 'fbc678b24951f8984347d0db998f334c') in 0.011099 seconds
Number of updated asset objects reloaded before import = 0
Number of asset objects unloaded after import = 0
========================================================================
Received Import Request.
  Time since last request: 2.496988 seconds.
  path: Assets/Grids & Nets textures pack/Camo 01
  artifactKey: Guid(2d1c448ba65024b9aa8dbd88915bd6f4) Importer(815301076,1909f56bfc062723c751e8b465ee728b)
Start importing Assets/Grids & Nets textures pack/Camo 01 using Guid(2d1c448ba65024b9aa8dbd88915bd6f4) Importer(815301076,1909f56bfc062723c751e8b465ee728b)  -> (artifact id: '3d8a414d66a13d318d020c6c67c69f4d') in 0.002117 seconds
Number of updated asset objects reloaded before import = 0
Number of asset objects unloaded after import = 0
========================================================================
Received Import Request.
  Time since last request: 0.027550 seconds.
  path: Assets/Grids & Nets textures pack/Camo 01/Camo pattern 01.mat
  artifactKey: Guid(49ec44dce6164df41bac2ba156215d84) Importer(815301076,1909f56bfc062723c751e8b465ee728b)
Start importing Assets/Grids & Nets textures pack/Camo 01/Camo pattern 01.mat using Guid(49ec44dce6164df41bac2ba156215d84) Importer(815301076,1909f56bfc062723c751e8b465ee728b)  -> (artifact id: '279dd94cdf68797919b5c9d0836d4973') in 0.494525 seconds
Number of updated asset objects reloaded before import = 0
Number of asset objects unloaded after import = 3
========================================================================
Received Import Request.
  Time since last request: 4.838170 seconds.
  path: Assets/Grids & Nets textures pack/Net 01
  artifactKey: Guid(853243239020c478d99e23807b2feb45) Importer(815301076,1909f56bfc062723c751e8b465ee728b)
Start importing Assets/Grids & Nets textures pack/Net 01 using Guid(853243239020c478d99e23807b2feb45) Importer(815301076,1909f56bfc062723c751e8b465ee728b)  -> (artifact id: '200f633f4e2e66b122ef80508c2ffc8d') in 0.001361 seconds
Number of updated asset objects reloaded before import = 0
Number of asset objects unloaded after import = 0
========================================================================
Received Import Request.
  Time since last request: 0.062295 seconds.
  path: Assets/Grids & Nets textures pack/Net 01/diffuse.tga
  artifactKey: Guid(6de5bfc61ff4e2a4da125ce98e88a9f6) Importer(815301076,1909f56bfc062723c751e8b465ee728b)
Start importing Assets/Grids & Nets textures pack/Net 01/diffuse.tga using Guid(6de5bfc61ff4e2a4da125ce98e88a9f6) Importer(815301076,1909f56bfc062723c751e8b465ee728b)  -> (artifact id: '9de32e0267ec0ffee93bf28b5fa73491') in 0.010519 seconds
Number of updated asset objects reloaded before import = 0
Number of asset objects unloaded after import = 2
========================================================================
Received Import Request.
  Time since last request: 0.000093 seconds.
  path: Assets/Grids & Nets textures pack/Net 01/preview.jpg
  artifactKey: Guid(a1051b1504e6c204292f2f6d6dc36a67) Importer(815301076,1909f56bfc062723c751e8b465ee728b)
Start importing Assets/Grids & Nets textures pack/Net 01/preview.jpg using Guid(a1051b1504e6c204292f2f6d6dc36a67) Importer(815301076,1909f56bfc062723c751e8b465ee728b)  -> (artifact id: '946dfd0b49217656ae2862d6a66778e2') in 0.004365 seconds
Number of updated asset objects reloaded before import = 0
Number of asset objects unloaded after import = 2
========================================================================
Received Import Request.
  Time since last request: 0.000098 seconds.
  path: Assets/Grids & Nets textures pack/Net 01/normal.tga
  artifactKey: Guid(1e7ad3d70dac5ca4d8c1e885a10b9c0c) Importer(815301076,1909f56bfc062723c751e8b465ee728b)
Start importing Assets/Grids & Nets textures pack/Net 01/normal.tga using Guid(1e7ad3d70dac5ca4d8c1e885a10b9c0c) Importer(815301076,1909f56bfc062723c751e8b465ee728b)  -> (artifact id: '723527719e2eda94c6248e935bc7146a') in 0.056715 seconds
Number of updated asset objects reloaded before import = 0
Number of asset objects unloaded after import = 2
========================================================================
Received Import Request.
  Time since last request: 17.833628 seconds.
  path: Assets/Grids & Nets textures pack/Net 02/diffuse.tga
  artifactKey: Guid(193fc02a440131a4ab82a42466677c35) Importer(815301076,1909f56bfc062723c751e8b465ee728b)
Start importing Assets/Grids & Nets textures pack/Net 02/diffuse.tga using Guid(193fc02a440131a4ab82a42466677c35) Importer(815301076,1909f56bfc062723c751e8b465ee728b)  -> (artifact id: '2172086a8dbba0ed9531f2e52b20c0c4') in 0.016147 seconds
Number of updated asset objects reloaded before import = 0
Number of asset objects unloaded after import = 2
========================================================================
Received Import Request.
  Time since last request: 0.000067 seconds.
  path: Assets/Grids & Nets textures pack/Net 02/preview.jpg
  artifactKey: Guid(2270f31020b524d459a18bce1deaf87d) Importer(815301076,1909f56bfc062723c751e8b465ee728b)
Start importing Assets/Grids & Nets textures pack/Net 02/preview.jpg using Guid(2270f31020b524d459a18bce1deaf87d) Importer(815301076,1909f56bfc062723c751e8b465ee728b)  -> (artifact id: '35d04871618e2b7149ced58dd6d7f6ca') in 0.005957 seconds
Number of updated asset objects reloaded before import = 0
Number of asset objects unloaded after import = 2
========================================================================
Received Import Request.
  Time since last request: 0.000177 seconds.
  path: Assets/Grids & Nets textures pack/Net 02
  artifactKey: Guid(c55a822b01b824b3384f52d809b12021) Importer(815301076,1909f56bfc062723c751e8b465ee728b)
Start importing Assets/Grids & Nets textures pack/Net 02 using Guid(c55a822b01b824b3384f52d809b12021) Importer(815301076,1909f56bfc062723c751e8b465ee728b)  -> (artifact id: 'd07ac606b79a2eb4b039fc97dc2417dd') in 0.000257 seconds
Number of updated asset objects reloaded before import = 0
Number of asset objects unloaded after import = 0
========================================================================
Received Import Request.
  Time since last request: 26.498380 seconds.
  path: Assets/Grids & Nets textures pack/Net 03
  artifactKey: Guid(2b75b580c392d49fe9e4588928feba3c) Importer(815301076,1909f56bfc062723c751e8b465ee728b)
Start importing Assets/Grids & Nets textures pack/Net 03 using Guid(2b75b580c392d49fe9e4588928feba3c) Importer(815301076,1909f56bfc062723c751e8b465ee728b)  -> (artifact id: '1a2f92f933c7256796f3004d96bfc5b3') in 0.012172 seconds
Number of updated asset objects reloaded before import = 0
Number of asset objects unloaded after import = 0
========================================================================
Received Import Request.
  Time since last request: 0.039640 seconds.
  path: Assets/Grids & Nets textures pack/Net 03/diffuse.tga
  artifactKey: Guid(6d2104d83cc89154a8806cb8b37f230c) Importer(815301076,1909f56bfc062723c751e8b465ee728b)
Start importing Assets/Grids & Nets textures pack/Net 03/diffuse.tga using Guid(6d2104d83cc89154a8806cb8b37f230c) Importer(815301076,1909f56bfc062723c751e8b465ee728b)  -> (artifact id: '28ec146ffe95b1f31ecbf4bc537bfd41') in 0.045974 seconds
Number of updated asset objects reloaded before import = 0
Number of asset objects unloaded after import = 2
========================================================================
Received Import Request.
  Time since last request: 0.000085 seconds.
  path: Assets/Grids & Nets textures pack/Net 03/preview.jpg
  artifactKey: Guid(93f16f5ce392bb14e8746a871d57b1b9) Importer(815301076,1909f56bfc062723c751e8b465ee728b)
Start importing Assets/Grids & Nets textures pack/Net 03/preview.jpg using Guid(93f16f5ce392bb14e8746a871d57b1b9) Importer(815301076,1909f56bfc062723c751e8b465ee728b)  -> (artifact id: '7926d60f768d54432a146f6042a3cbe3') in 0.005093 seconds
Number of updated asset objects reloaded before import = 0
Number of asset objects unloaded after import = 2
========================================================================
Received Import Request.
  Time since last request: 28.675461 seconds.
  path: Assets/Grids & Nets textures pack/Net 02/Materials
  artifactKey: Guid(88fb3afd52abf4d9aac44628f283ee08) Importer(815301076,1909f56bfc062723c751e8b465ee728b)
Start importing Assets/Grids & Nets textures pack/Net 02/Materials using Guid(88fb3afd52abf4d9aac44628f283ee08) Importer(815301076,1909f56bfc062723c751e8b465ee728b)  -> (artifact id: '48d0aab26d1f01085b2fee230654ced9') in 0.002901 seconds
Number of updated asset objects reloaded before import = 0
Number of asset objects unloaded after import = 0
========================================================================
Received Import Request.
  Time since last request: 0.080648 seconds.
  path: Assets/Grids & Nets textures pack/Net 02/Materials/diffuse.mat
  artifactKey: Guid(c41e4b982fea4409287a0958276b8b16) Importer(815301076,1909f56bfc062723c751e8b465ee728b)
Start importing Assets/Grids & Nets textures pack/Net 02/Materials/diffuse.mat using Guid(c41e4b982fea4409287a0958276b8b16) Importer(815301076,1909f56bfc062723c751e8b465ee728b)  -> (artifact id: '3b24c6ec38c64ebcf10dee8072b4dfe5') in 0.022172 seconds
Number of updated asset objects reloaded before import = 0
Number of asset objects unloaded after import = 2
========================================================================
Received Import Request.
  Time since last request: 77.805057 seconds.
  path: Assets/Grids & Nets textures pack/Net 02/Net pattern 02.mat
  artifactKey: Guid(8e7d867597049c642bb42e23f2937dc5) Importer(815301076,1909f56bfc062723c751e8b465ee728b)
Start importing Assets/Grids & Nets textures pack/Net 02/Net pattern 02.mat using Guid(8e7d867597049c642bb42e23f2937dc5) Importer(815301076,1909f56bfc062723c751e8b465ee728b)  -> (artifact id: '3ccc379d1370ef3489742d9d88fd24b1') in 0.305327 seconds
Number of updated asset objects reloaded before import = 0
Number of asset objects unloaded after import = 3
========================================================================
Received Import Request.
  Time since last request: 467.945122 seconds.
  path: Assets/10526_Shuttlecock_v1_L3.obj
  artifactKey: Guid(d16d5c28a877045cc8a8e2060d550742) Importer(815301076,1909f56bfc062723c751e8b465ee728b)
Start importing Assets/10526_Shuttlecock_v1_L3.obj using Guid(d16d5c28a877045cc8a8e2060d550742) Importer(815301076,1909f56bfc062723c751e8b465ee728b)  -> (artifact id: 'a57a0824d15af37dfd78c154f47c3e32') in 0.199196 seconds
Number of updated asset objects reloaded before import = 0
Number of asset objects unloaded after import = 10
========================================================================
Received Import Request.
  Time since last request: 65.169369 seconds.
  path: Assets/Ball.cs
  artifactKey: Guid(50a9276a91e51844ab53e808b701b8d9) Importer(815301076,1909f56bfc062723c751e8b465ee728b)
Start importing Assets/Ball.cs using Guid(50a9276a91e51844ab53e808b701b8d9) Importer(815301076,1909f56bfc062723c751e8b465ee728b)  -> (artifact id: '5278354658bfe7051cbeacf873752e36') in 0.001876 seconds
Number of updated asset objects reloaded before import = 0
Number of asset objects unloaded after import = 0
========================================================================
Received Import Request.
  Time since last request: 200.541687 seconds.
  path: Assets/Bot.cs
  artifactKey: Guid(52895dc40d696cd45907e34f9c881e81) Importer(815301076,1909f56bfc062723c751e8b465ee728b)
Start importing Assets/Bot.cs using Guid(52895dc40d696cd45907e34f9c881e81) Importer(815301076,1909f56bfc062723c751e8b465ee728b)  -> (artifact id: 'f969b8381571eaccec32a9333f253a37') in 0.007292 seconds
Number of updated asset objects reloaded before import = 0
Number of asset objects unloaded after import = 0
========================================================================
Received Prepare
Begin MonoManager ReloadAssembly
Thread 0x16fc53000 may have been prematurely finalized
Symbol file LoadedFromMemory is not a mono symbol file
- Loaded All Assemblies, in  0.699 seconds
Refreshing native plugins compatible for Editor in 3.79 ms, found 2 plugins.
Native extension for OSXStandalone target not found
Native extension for WebGL target not found
[Package Manager] Server::EnsureServerProcessIsRunning -- launch failed, reason: Unity was launched with the -noUpm command-line argument
[Package Manager] UpmClient::Send -- Unable to send message (not connected to UPM process).
[Package Manager] Cannot connect to Unity Package Manager local server
Mono: successfully reloaded assembly
- Finished resetting the current domain, in  0.751 seconds
Domain Reload Profiling: 1451ms
	BeginReloadAssembly (350ms)
		ExecutionOrderSort (0ms)
		DisableScriptedObjects (6ms)
		BackupInstance (0ms)
		ReleaseScriptingObjects (0ms)
		CreateAndSetChildDomain (53ms)
	RebuildCommonClasses (30ms)
	RebuildNativeTypeToScriptingClass (11ms)
	initialDomainReloadingComplete (23ms)
	LoadAllAssembliesAndSetupDomain (285ms)
		LoadAssemblies (337ms)
		RebuildTransferFunctionScriptingTraits (0ms)
		AnalyzeDomain (23ms)
			TypeCache.Refresh (18ms)
				TypeCache.ScanAssembly (0ms)
			ScanForSourceGeneratedMonoScriptInfo (0ms)
			ResolveRequiredComponents (4ms)
	FinalizeReload (751ms)
		ReleaseScriptCaches (0ms)
		RebuildScriptCaches (0ms)
		SetupLoadedEditorAssemblies (360ms)
			LogAssemblyErrors (0ms)
			InitializePlatformSupportModulesInManaged (3ms)
			SetLoadedEditorAssemblies (4ms)
			RefreshPlugins (0ms)
			BeforeProcessingInitializeOnLoad (36ms)
			ProcessInitializeOnLoadAttributes (204ms)
			ProcessInitializeOnLoadMethodAttributes (112ms)
			AfterProcessingInitializeOnLoad (1ms)
			EditorAssembliesLoaded (0ms)
		ExecutionOrderSort2 (0ms)
		AwakeInstancesAfterBackupRestoration (3ms)
Refreshing native plugins compatible for Editor in 2.10 ms, found 2 plugins.
Preloading 0 native plugins for Editor in 0.00 ms.
Unloading 2520 Unused Serialized files (Serialized files now loaded: 0)
Unloading 52 unused Assets / (43.2 KB). Loaded Objects now: 3036.
Memory consumption went from 143.6 MB to 143.5 MB.
Total: 6.998333 ms (FindLiveObjects: 0.117542 ms CreateObjectMapping: 0.046459 ms MarkObjects: 6.742333 ms  DeleteObjects: 0.091625 ms)

Prepare: number of updated asset objects reloaded= 0
AssetImportParameters requested are different than current active one (requested -> active):
  custom:video-decoder-webm-vp8: 9c59270c3fd7afecdb556c50c9e8de78 -> 
  custom:SearchIndexIgnoredProperties: e643bd26f0fe6173181afceb89e7c659 -> 
  custom:container-demuxer-ogg: 62fdf1f143b41e24485cea50d1cbac27 -> 
  custom:AudioImporter_EditorPlatform: 3918e3fc78b5a79bad01e8451be0beb8 -> 
  custom:video-decoder-ogg-theora: a1e56fd34408186e4bbccfd4996cb3dc -> 
  custom:framework-osx-AVFoundation: e770b220cccbd017edd2c1fefb359320 -> 
  custom:video-encoder-webm-vp8: eb34c28f22e8b96e1ab97ce403110664 -> 
  custom:audio-decoder-ogg-vorbis: bf7c407c2cedff20999df2af8eb42d56 -> 
  custom:CustomObjectIndexerAttribute: 6d391050e5a25f67b0a2c618074f2cd9 -> 
  custom:container-demuxer-webm: 4f35f7cbe854078d1ac9338744f61a02 -> 
  custom:audio-encoder-webm-vorbis: bf7c407c2cedff20999df2af8eb42d56 -> 
  custom:container-muxer-webm: aa71ff27fc2769a1b78a27578f13a17b -> 
========================================================================
Received Prepare
Begin MonoManager ReloadAssembly
Thread 0x16fc53000 may have been prematurely finalized
Symbol file LoadedFromMemory is not a mono symbol file
- Loaded All Assemblies, in  0.586 seconds
Refreshing native plugins compatible for Editor in 2.36 ms, found 2 plugins.
Native extension for OSXStandalone target not found
Native extension for WebGL target not found
[Package Manager] Server::EnsureServerProcessIsRunning -- launch failed, reason: Unity was launched with the -noUpm command-line argument
[Package Manager] UpmClient::Send -- Unable to send message (not connected to UPM process).
[Package Manager] Cannot connect to Unity Package Manager local server
Mono: successfully reloaded assembly
- Finished resetting the current domain, in  0.733 seconds
Domain Reload Profiling: 1320ms
	BeginReloadAssembly (336ms)
		ExecutionOrderSort (0ms)
		DisableScriptedObjects (6ms)
		BackupInstance (0ms)
		ReleaseScriptingObjects (0ms)
		CreateAndSetChildDomain (40ms)
	RebuildCommonClasses (29ms)
	RebuildNativeTypeToScriptingClass (10ms)
	initialDomainReloadingComplete (18ms)
	LoadAllAssembliesAndSetupDomain (194ms)
		LoadAssemblies (234ms)
		RebuildTransferFunctionScriptingTraits (0ms)
		AnalyzeDomain (12ms)
			TypeCache.Refresh (6ms)
				TypeCache.ScanAssembly (0ms)
			ScanForSourceGeneratedMonoScriptInfo (0ms)
			ResolveRequiredComponents (3ms)
	FinalizeReload (733ms)
		ReleaseScriptCaches (0ms)
		RebuildScriptCaches (0ms)
		SetupLoadedEditorAssemblies (364ms)
			LogAssemblyErrors (0ms)
			InitializePlatformSupportModulesInManaged (3ms)
			SetLoadedEditorAssemblies (4ms)
			RefreshPlugins (0ms)
			BeforeProcessingInitializeOnLoad (36ms)
			ProcessInitializeOnLoadAttributes (205ms)
			ProcessInitializeOnLoadMethodAttributes (115ms)
			AfterProcessingInitializeOnLoad (1ms)
			EditorAssembliesLoaded (0ms)
		ExecutionOrderSort2 (0ms)
		AwakeInstancesAfterBackupRestoration (3ms)
Refreshing native plugins compatible for Editor in 3.98 ms, found 2 plugins.
Preloading 0 native plugins for Editor in 0.00 ms.
Unloading 2521 Unused Serialized files (Serialized files now loaded: 0)
Unloading 52 unused Assets / (43.1 KB). Loaded Objects now: 3039.
Memory consumption went from 152.0 MB to 152.0 MB.
Total: 8.079959 ms (FindLiveObjects: 0.123000 ms CreateObjectMapping: 0.044500 ms MarkObjects: 7.838125 ms  DeleteObjects: 0.073583 ms)

Prepare: number of updated asset objects reloaded= 0
AssetImportParameters requested are different than current active one (requested -> active):
  custom:video-decoder-webm-vp8: 9c59270c3fd7afecdb556c50c9e8de78 -> 
  custom:SearchIndexIgnoredProperties: e643bd26f0fe6173181afceb89e7c659 -> 
  custom:container-demuxer-ogg: 62fdf1f143b41e24485cea50d1cbac27 -> 
  custom:AudioImporter_EditorPlatform: 3918e3fc78b5a79bad01e8451be0beb8 -> 
  custom:video-decoder-ogg-theora: a1e56fd34408186e4bbccfd4996cb3dc -> 
  custom:framework-osx-AVFoundation: e770b220cccbd017edd2c1fefb359320 -> 
  custom:video-encoder-webm-vp8: eb34c28f22e8b96e1ab97ce403110664 -> 
  custom:audio-decoder-ogg-vorbis: bf7c407c2cedff20999df2af8eb42d56 -> 
  custom:CustomObjectIndexerAttribute: 6d391050e5a25f67b0a2c618074f2cd9 -> 
  custom:container-demuxer-webm: 4f35f7cbe854078d1ac9338744f61a02 -> 
  custom:audio-encoder-webm-vorbis: bf7c407c2cedff20999df2af8eb42d56 -> 
  custom:container-muxer-webm: aa71ff27fc2769a1b78a27578f13a17b -> 
========================================================================
Received Import Request.
  Time since last request: 2449.646799 seconds.
  path: Assets/Racket.obj
  artifactKey: Guid(96b22edd3f92e4a6aafa606221038970) Importer(815301076,1909f56bfc062723c751e8b465ee728b)
Start importing Assets/Racket.obj using Guid(96b22edd3f92e4a6aafa606221038970) Importer(815301076,1909f56bfc062723c751e8b465ee728b)  -> (artifact id: '1253d2cefb89ed4c013ceb7edc44a932') in 1.195167 seconds
Number of updated asset objects reloaded before import = 0
Number of asset objects unloaded after import = 628
========================================================================
Received Import Request.
  Time since last request: 125.426263 seconds.
  path: Assets/Handle Disp.jpg
  artifactKey: Guid(1900f660489794143a1cb2640f932944) Importer(815301076,1909f56bfc062723c751e8b465ee728b)
Start importing Assets/Handle Disp.jpg using Guid(1900f660489794143a1cb2640f932944) Importer(815301076,1909f56bfc062723c751e8b465ee728b)  -> (artifact id: '22dfc6deb9cb21d4ad6b3c8bace2e940') in 0.073644 seconds
Number of updated asset objects reloaded before import = 0
Number of asset objects unloaded after import = 2
========================================================================
Received Import Request.
  Time since last request: 0.000072 seconds.
  path: Assets/Tube Green.jpg
  artifactKey: Guid(80967d48e12de4361b2fc50c1d06680e) Importer(815301076,1909f56bfc062723c751e8b465ee728b)
Start importing Assets/Tube Green.jpg using Guid(80967d48e12de4361b2fc50c1d06680e) Importer(815301076,1909f56bfc062723c751e8b465ee728b)  -> (artifact id: '31ee9c520c322de76d2fd75f89140c8c') in 0.007932 seconds
Number of updated asset objects reloaded before import = 0
Number of asset objects unloaded after import = 2
========================================================================
Received Import Request.
  Time since last request: 0.000108 seconds.
  path: Assets/uv raquet  verde.jpg
  artifactKey: Guid(2caef79148620487dbb999f7a359c5f6) Importer(815301076,1909f56bfc062723c751e8b465ee728b)
Start importing Assets/uv raquet  verde.jpg using Guid(2caef79148620487dbb999f7a359c5f6) Importer(815301076,1909f56bfc062723c751e8b465ee728b)  -> (artifact id: '998b4fd790e6359c6676452349c6d6db') in 0.005093 seconds
Number of updated asset objects reloaded before import = 0
Number of asset objects unloaded after import = 2
========================================================================
Received Prepare
Begin MonoManager ReloadAssembly
Thread 0x16fc53000 may have been prematurely finalized
Symbol file LoadedFromMemory is not a mono symbol file
- Loaded All Assemblies, in  0.662 seconds
Refreshing native plugins compatible for Editor in 2.28 ms, found 2 plugins.
Native extension for OSXStandalone target not found
Native extension for WebGL target not found
[Package Manager] Server::EnsureServerProcessIsRunning -- launch failed, reason: Unity was launched with the -noUpm command-line argument
[Package Manager] UpmClient::Send -- Unable to send message (not connected to UPM process).
[Package Manager] Cannot connect to Unity Package Manager local server
Mono: successfully reloaded assembly
- Finished resetting the current domain, in  0.746 seconds
Domain Reload Profiling: 1409ms
	BeginReloadAssembly (415ms)
		ExecutionOrderSort (0ms)
		DisableScriptedObjects (5ms)
		BackupInstance (0ms)
		ReleaseScriptingObjects (0ms)
		CreateAndSetChildDomain (67ms)
	RebuildCommonClasses (29ms)
	RebuildNativeTypeToScriptingClass (11ms)
	initialDomainReloadingComplete (18ms)
	LoadAllAssembliesAndSetupDomain (190ms)
		LoadAssemblies (270ms)
		RebuildTransferFunctionScriptingTraits (0ms)
		AnalyzeDomain (10ms)
			TypeCache.Refresh (6ms)
				TypeCache.ScanAssembly (0ms)
			ScanForSourceGeneratedMonoScriptInfo (0ms)
			ResolveRequiredComponents (3ms)
	FinalizeReload (747ms)
		ReleaseScriptCaches (0ms)
		RebuildScriptCaches (0ms)
		SetupLoadedEditorAssemblies (370ms)
			LogAssemblyErrors (0ms)
			InitializePlatformSupportModulesInManaged (3ms)
			SetLoadedEditorAssemblies (4ms)
			RefreshPlugins (0ms)
			BeforeProcessingInitializeOnLoad (37ms)
			ProcessInitializeOnLoadAttributes (209ms)
			ProcessInitializeOnLoadMethodAttributes (117ms)
			AfterProcessingInitializeOnLoad (1ms)
			EditorAssembliesLoaded (0ms)
		ExecutionOrderSort2 (0ms)
		AwakeInstancesAfterBackupRestoration (4ms)
Refreshing native plugins compatible for Editor in 3.65 ms, found 2 plugins.
Preloading 0 native plugins for Editor in 0.00 ms.
Unloading 2520 Unused Serialized files (Serialized files now loaded: 0)
Unloading 52 unused Assets / (43.1 KB). Loaded Objects now: 3043.
Memory consumption went from 158.7 MB to 158.7 MB.
Total: 6.933291 ms (FindLiveObjects: 0.129209 ms CreateObjectMapping: 0.048375 ms MarkObjects: 6.688791 ms  DeleteObjects: 0.066584 ms)

Prepare: number of updated asset objects reloaded= 0
AssetImportParameters requested are different than current active one (requested -> active):
  custom:video-decoder-webm-vp8: 9c59270c3fd7afecdb556c50c9e8de78 -> 
  custom:SearchIndexIgnoredProperties: e643bd26f0fe6173181afceb89e7c659 -> 
  custom:container-demuxer-ogg: 62fdf1f143b41e24485cea50d1cbac27 -> 
  custom:AudioImporter_EditorPlatform: 3918e3fc78b5a79bad01e8451be0beb8 -> 
  custom:video-decoder-ogg-theora: a1e56fd34408186e4bbccfd4996cb3dc -> 
  custom:framework-osx-AVFoundation: e770b220cccbd017edd2c1fefb359320 -> 
  custom:video-encoder-webm-vp8: eb34c28f22e8b96e1ab97ce403110664 -> 
  custom:audio-decoder-ogg-vorbis: bf7c407c2cedff20999df2af8eb42d56 -> 
  custom:CustomObjectIndexerAttribute: 6d391050e5a25f67b0a2c618074f2cd9 -> 
  custom:container-demuxer-webm: 4f35f7cbe854078d1ac9338744f61a02 -> 
  custom:audio-encoder-webm-vorbis: bf7c407c2cedff20999df2af8eb42d56 -> 
  custom:container-muxer-webm: aa71ff27fc2769a1b78a27578f13a17b -> 
